2021-05-10 11:48:55.242  INFO 11570 --- [main] c.a.e.controller.AlbumControllerSpec     : Starting AlbumControllerSpec using Java 15.0.1 on alejandroLaptop with PID 11570 (started by alejandro in /home/alejandro/Documents/Projects/spring/spring-test)
2021-05-10 11:48:55.252  INFO 11570 --- [main] c.a.e.controller.AlbumControllerSpec     : No active profile set, falling back to default profiles: default
2021-05-10 11:48:57.311  INFO 11570 --- [main] o.s.s.concurrent.ThreadPoolTaskExecutor  : Initializing ExecutorService 'applicationTaskExecutor'
2021-05-10 11:48:57.585  INFO 11570 --- [main] o.s.b.t.m.w.SpringBootMockServletContext : Initializing Spring TestDispatcherServlet ''
2021-05-10 11:48:57.586  INFO 11570 --- [main] o.s.t.web.servlet.TestDispatcherServlet  : Initializing Servlet ''
2021-05-10 11:48:57.587  INFO 11570 --- [main] o.s.t.web.servlet.TestDispatcherServlet  : Completed initialization in 1 ms
2021-05-10 11:48:57.619  INFO 11570 --- [main] c.a.e.controller.AlbumControllerSpec     : Started AlbumControllerSpec in 2.777 seconds (JVM running for 4.68)
2021-05-10 11:48:57.963  WARN 11570 --- [main] .w.s.m.s.DefaultHandlerExceptionResolver : Resolved [org.springframework.http.converter.HttpMessageNotReadableException: Required request body is missing: public org.springframework.http.ResponseEntity<com.alejandro.example.dto.AlbumDTO> com.alejandro.example.controller.AlbumController.save(com.alejandro.example.dto.AlbumDTO)]
2021-05-10 11:48:58.036  INFO 11570 --- [SpringContextShutdownHook] o.s.s.concurrent.ThreadPoolTaskExecutor  : Shutting down ExecutorService 'applicationTaskExecutor'
2021-05-10 11:51:29.139  INFO 11789 --- [main] c.a.e.controller.AlbumControllerSpec     : Starting AlbumControllerSpec using Java 15.0.1 on alejandroLaptop with PID 11789 (started by alejandro in /home/alejandro/Documents/Projects/spring/spring-test)
2021-05-10 11:51:29.143  INFO 11789 --- [main] c.a.e.controller.AlbumControllerSpec     : No active profile set, falling back to default profiles: default
2021-05-10 11:51:30.874  INFO 11789 --- [main] o.s.s.concurrent.ThreadPoolTaskExecutor  : Initializing ExecutorService 'applicationTaskExecutor'
2021-05-10 11:51:31.177  INFO 11789 --- [main] o.s.b.t.m.w.SpringBootMockServletContext : Initializing Spring TestDispatcherServlet ''
2021-05-10 11:51:31.178  INFO 11789 --- [main] o.s.t.web.servlet.TestDispatcherServlet  : Initializing Servlet ''
2021-05-10 11:51:31.180  INFO 11789 --- [main] o.s.t.web.servlet.TestDispatcherServlet  : Completed initialization in 1 ms
2021-05-10 11:51:31.216  INFO 11789 --- [main] c.a.e.controller.AlbumControllerSpec     : Started AlbumControllerSpec in 2.458 seconds (JVM running for 3.542)
2021-05-10 11:51:31.573  WARN 11789 --- [main] .w.s.m.s.DefaultHandlerExceptionResolver : Resolved [org.springframework.http.converter.HttpMessageNotReadableException: Required request body is missing: public org.springframework.http.ResponseEntity<com.alejandro.example.dto.AlbumDTO> com.alejandro.example.controller.AlbumController.save(com.alejandro.example.dto.AlbumDTO)]
2021-05-10 11:51:31.664  INFO 11789 --- [SpringContextShutdownHook] o.s.s.concurrent.ThreadPoolTaskExecutor  : Shutting down ExecutorService 'applicationTaskExecutor'
2021-05-10 11:55:06.770  INFO 12308 --- [main] c.a.e.controller.AlbumControllerSpec     : Starting AlbumControllerSpec using Java 15.0.1 on alejandroLaptop with PID 12308 (started by alejandro in /home/alejandro/Documents/Projects/spring/spring-test)
2021-05-10 11:55:06.773  INFO 12308 --- [main] c.a.e.controller.AlbumControllerSpec     : No active profile set, falling back to default profiles: default
2021-05-10 11:55:08.102  INFO 12308 --- [main] o.s.s.concurrent.ThreadPoolTaskExecutor  : Initializing ExecutorService 'applicationTaskExecutor'
2021-05-10 11:55:08.368  INFO 12308 --- [main] o.s.b.t.m.w.SpringBootMockServletContext : Initializing Spring TestDispatcherServlet ''
2021-05-10 11:55:08.368  INFO 12308 --- [main] o.s.t.web.servlet.TestDispatcherServlet  : Initializing Servlet ''
2021-05-10 11:55:08.370  INFO 12308 --- [main] o.s.t.web.servlet.TestDispatcherServlet  : Completed initialization in 1 ms
2021-05-10 11:55:08.403  INFO 12308 --- [main] c.a.e.controller.AlbumControllerSpec     : Started AlbumControllerSpec in 1.964 seconds (JVM running for 3.016)
2021-05-10 11:55:08.693  WARN 12308 --- [main] .w.s.m.s.DefaultHandlerExceptionResolver : Resolved [org.springframework.http.converter.HttpMessageNotReadableException: Required request body is missing: public org.springframework.http.ResponseEntity<com.alejandro.example.dto.AlbumDTO> com.alejandro.example.controller.AlbumController.save(com.alejandro.example.dto.AlbumDTO)]
2021-05-10 11:55:08.765  INFO 12308 --- [SpringContextShutdownHook] o.s.s.concurrent.ThreadPoolTaskExecutor  : Shutting down ExecutorService 'applicationTaskExecutor'
2021-05-10 11:57:23.021  INFO 12493 --- [main] c.a.e.controller.AlbumControllerSpec     : Starting AlbumControllerSpec using Java 15.0.1 on alejandroLaptop with PID 12493 (started by alejandro in /home/alejandro/Documents/Projects/spring/spring-test)
2021-05-10 11:57:23.024  INFO 12493 --- [main] c.a.e.controller.AlbumControllerSpec     : No active profile set, falling back to default profiles: default
2021-05-10 11:57:24.320  INFO 12493 --- [main] o.s.s.concurrent.ThreadPoolTaskExecutor  : Initializing ExecutorService 'applicationTaskExecutor'
2021-05-10 11:57:24.525  INFO 12493 --- [main] o.s.b.t.m.w.SpringBootMockServletContext : Initializing Spring TestDispatcherServlet ''
2021-05-10 11:57:24.526  INFO 12493 --- [main] o.s.t.web.servlet.TestDispatcherServlet  : Initializing Servlet ''
2021-05-10 11:57:24.527  INFO 12493 --- [main] o.s.t.web.servlet.TestDispatcherServlet  : Completed initialization in 1 ms
2021-05-10 11:57:24.557  INFO 12493 --- [main] c.a.e.controller.AlbumControllerSpec     : Started AlbumControllerSpec in 1.846 seconds (JVM running for 2.794)
2021-05-10 11:57:24.832  WARN 12493 --- [main] .w.s.m.s.DefaultHandlerExceptionResolver : Resolved [org.springframework.http.converter.HttpMessageNotReadableException: Required request body is missing: public org.springframework.http.ResponseEntity<com.alejandro.example.dto.AlbumDTO> com.alejandro.example.controller.AlbumController.save(com.alejandro.example.dto.AlbumDTO)]
2021-05-10 11:57:24.904  INFO 12493 --- [SpringContextShutdownHook] o.s.s.concurrent.ThreadPoolTaskExecutor  : Shutting down ExecutorService 'applicationTaskExecutor'
2021-05-10 12:02:53.420  INFO 12737 --- [main] c.a.e.controller.AlbumControllerSpec     : Starting AlbumControllerSpec using Java 15.0.1 on alejandroLaptop with PID 12737 (started by alejandro in /home/alejandro/Documents/Projects/spring/spring-test)
2021-05-10 12:02:53.424  INFO 12737 --- [main] c.a.e.controller.AlbumControllerSpec     : No active profile set, falling back to default profiles: default
2021-05-10 12:02:54.874  INFO 12737 --- [main] o.s.s.concurrent.ThreadPoolTaskExecutor  : Initializing ExecutorService 'applicationTaskExecutor'
2021-05-10 12:02:55.114  INFO 12737 --- [main] o.s.b.t.m.w.SpringBootMockServletContext : Initializing Spring TestDispatcherServlet ''
2021-05-10 12:02:55.114  INFO 12737 --- [main] o.s.t.web.servlet.TestDispatcherServlet  : Initializing Servlet ''
2021-05-10 12:02:55.115  INFO 12737 --- [main] o.s.t.web.servlet.TestDispatcherServlet  : Completed initialization in 1 ms
2021-05-10 12:02:55.142  INFO 12737 --- [main] c.a.e.controller.AlbumControllerSpec     : Started AlbumControllerSpec in 2.05 seconds (JVM running for 2.895)
2021-05-10 12:02:55.436  WARN 12737 --- [main] .w.s.m.s.DefaultHandlerExceptionResolver : Resolved [org.springframework.http.converter.HttpMessageNotReadableException: Required request body is missing: public org.springframework.http.ResponseEntity<com.alejandro.example.dto.AlbumDTO> com.alejandro.example.controller.AlbumController.save(com.alejandro.example.dto.AlbumDTO)]
2021-05-10 12:02:55.504  INFO 12737 --- [SpringContextShutdownHook] o.s.s.concurrent.ThreadPoolTaskExecutor  : Shutting down ExecutorService 'applicationTaskExecutor'
2021-05-10 12:03:42.891  INFO 12802 --- [main] c.a.e.controller.AlbumControllerSpec     : Starting AlbumControllerSpec using Java 15.0.1 on alejandroLaptop with PID 12802 (started by alejandro in /home/alejandro/Documents/Projects/spring/spring-test)
2021-05-10 12:03:42.894  INFO 12802 --- [main] c.a.e.controller.AlbumControllerSpec     : No active profile set, falling back to default profiles: default
2021-05-10 12:03:44.255  INFO 12802 --- [main] o.s.s.concurrent.ThreadPoolTaskExecutor  : Initializing ExecutorService 'applicationTaskExecutor'
2021-05-10 12:03:44.512  INFO 12802 --- [main] o.s.b.t.m.w.SpringBootMockServletContext : Initializing Spring TestDispatcherServlet ''
2021-05-10 12:03:44.512  INFO 12802 --- [main] o.s.t.web.servlet.TestDispatcherServlet  : Initializing Servlet ''
2021-05-10 12:03:44.513  INFO 12802 --- [main] o.s.t.web.servlet.TestDispatcherServlet  : Completed initialization in 1 ms
2021-05-10 12:03:44.543  INFO 12802 --- [main] c.a.e.controller.AlbumControllerSpec     : Started AlbumControllerSpec in 2.023 seconds (JVM running for 3.022)
2021-05-10 12:03:44.838  WARN 12802 --- [main] .w.s.m.s.DefaultHandlerExceptionResolver : Resolved [org.springframework.http.converter.HttpMessageNotReadableException: Required request body is missing: public org.springframework.http.ResponseEntity<com.alejandro.example.dto.AlbumDTO> com.alejandro.example.controller.AlbumController.save(com.alejandro.example.dto.AlbumDTO)]
2021-05-10 12:03:44.910  INFO 12802 --- [SpringContextShutdownHook] o.s.s.concurrent.ThreadPoolTaskExecutor  : Shutting down ExecutorService 'applicationTaskExecutor'
2021-05-10 12:23:43.381  INFO 13218 --- [main] c.a.example.SpringTestApplication        : Starting SpringTestApplication using Java 15.0.1 on alejandroLaptop with PID 13218 (/home/alejandro/Documents/Projects/spring/spring-test/target/classes started by alejandro in /home/alejandro/Documents/Projects/spring/spring-test)
2021-05-10 12:23:43.383  INFO 13218 --- [main] c.a.example.SpringTestApplication        : No active profile set, falling back to default profiles: default
2021-05-10 12:23:44.337  INFO 13218 --- [main] .s.d.r.c.RepositoryConfigurationDelegate : Bootstrapping Spring Data JPA repositories in DEFAULT mode.
2021-05-10 12:23:44.397  INFO 13218 --- [main] .s.d.r.c.RepositoryConfigurationDelegate : Finished Spring Data repository scanning in 49 ms. Found 3 JPA repository interfaces.
2021-05-10 12:23:44.984  INFO 13218 --- [main] o.s.b.w.embedded.tomcat.TomcatWebServer  : Tomcat initialized with port(s): 8080 (http)
2021-05-10 12:23:44.992  INFO 13218 --- [main] o.apache.catalina.core.StandardService   : Starting service [Tomcat]
2021-05-10 12:23:44.993  INFO 13218 --- [main] org.apache.catalina.core.StandardEngine  : Starting Servlet engine: [Apache Tomcat/9.0.44]
2021-05-10 12:23:45.071  INFO 13218 --- [main] o.a.c.c.C.[Tomcat].[localhost].[/]       : Initializing Spring embedded WebApplicationContext
2021-05-10 12:23:45.071  INFO 13218 --- [main] w.s.c.ServletWebServerApplicationContext : Root WebApplicationContext: initialization completed in 1650 ms
2021-05-10 12:23:45.111  INFO 13218 --- [main] com.zaxxer.hikari.HikariDataSource       : HikariPool-1 - Starting...
2021-05-10 12:23:45.233  INFO 13218 --- [main] com.zaxxer.hikari.HikariDataSource       : HikariPool-1 - Start completed.
2021-05-10 12:23:45.238  INFO 13218 --- [main] o.s.b.a.h2.H2ConsoleAutoConfiguration    : H2 console available at '/h2-console'. Database available at 'jdbc:h2:mem:aop'
2021-05-10 12:23:45.333  INFO 13218 --- [main] o.hibernate.jpa.internal.util.LogHelper  : HHH000204: Processing PersistenceUnitInfo [name: default]
2021-05-10 12:23:45.374  INFO 13218 --- [main] org.hibernate.Version                    : HHH000412: Hibernate ORM core version 5.4.29.Final
2021-05-10 12:23:45.445  INFO 13218 --- [main] o.hibernate.annotations.common.Version   : HCANN000001: Hibernate Commons Annotations {5.1.2.Final}
2021-05-10 12:23:45.519  INFO 13218 --- [main] org.hibernate.dialect.Dialect            : HHH000400: Using dialect: org.hibernate.dialect.H2Dialect
2021-05-10 12:23:45.926 DEBUG 13218 --- [main] org.hibernate.SQL                        : drop table if exists album CASCADE 
2021-05-10 12:23:45.927 DEBUG 13218 --- [main] org.hibernate.SQL                        : drop table if exists record_company CASCADE 
2021-05-10 12:23:45.928 DEBUG 13218 --- [main] org.hibernate.SQL                        : drop table if exists track CASCADE 
2021-05-10 12:23:45.928 DEBUG 13218 --- [main] org.hibernate.SQL                        : drop sequence if exists hibernate_sequence
2021-05-10 12:23:45.929 DEBUG 13218 --- [main] org.hibernate.SQL                        : create sequence hibernate_sequence start with 1 increment by 1
2021-05-10 12:23:45.931 DEBUG 13218 --- [main] org.hibernate.SQL                        : create table album (album_id bigint not null, autor varchar(255), name varchar(255), price double, tittle varchar(255), primary key (album_id))
2021-05-10 12:23:45.938 DEBUG 13218 --- [main] org.hibernate.SQL                        : create table record_company (tittle varchar(255) not null, primary key (tittle))
2021-05-10 12:23:45.941 DEBUG 13218 --- [main] org.hibernate.SQL                        : create table track (track_id bigint not null, lycris varchar(255), name varchar(255), album_id bigint, primary key (track_id))
2021-05-10 12:23:45.942 DEBUG 13218 --- [main] org.hibernate.SQL                        : alter table album add constraint FKddgdueegcg2b78wdyro38xntk foreign key (tittle) references record_company
2021-05-10 12:23:45.946 DEBUG 13218 --- [main] org.hibernate.SQL                        : alter table track add constraint FKaxm9pbgk7ptorfyk3o6911q05 foreign key (album_id) references album
2021-05-10 12:23:45.949  INFO 13218 --- [main] o.h.e.t.j.p.i.JtaPlatformInitiator       : HHH000490: Using JtaPlatform implementation: [org.hibernate.engine.transaction.jta.platform.internal.NoJtaPlatform]
2021-05-10 12:23:45.955  INFO 13218 --- [main] j.LocalContainerEntityManagerFactoryBean : Initialized JPA EntityManagerFactory for persistence unit 'default'
2021-05-10 12:23:46.379  WARN 13218 --- [main] JpaBaseConfiguration$JpaWebConfiguration : spring.jpa.open-in-view is enabled by default. Therefore, database queries may be performed during view rendering. Explicitly configure spring.jpa.open-in-view to disable this warning
2021-05-10 12:23:46.530  INFO 13218 --- [main] o.s.s.concurrent.ThreadPoolTaskExecutor  : Initializing ExecutorService 'applicationTaskExecutor'
2021-05-10 12:23:46.660  INFO 13218 --- [main] o.s.b.w.embedded.tomcat.TomcatWebServer  : Tomcat started on port(s): 8080 (http) with context path ''
2021-05-10 12:23:46.943  INFO 13218 --- [main] c.a.example.SpringTestApplication        : Started SpringTestApplication in 3.821 seconds (JVM running for 4.667)
2021-05-10 12:27:04.914  INFO 13218 --- [http-nio-8080-exec-2] o.a.c.c.C.[Tomcat].[localhost].[/]       : Initializing Spring DispatcherServlet 'dispatcherServlet'
2021-05-10 12:27:04.915  INFO 13218 --- [http-nio-8080-exec-2] o.s.web.servlet.DispatcherServlet        : Initializing Servlet 'dispatcherServlet'
2021-05-10 12:27:04.916  INFO 13218 --- [http-nio-8080-exec-2] o.s.web.servlet.DispatcherServlet        : Completed initialization in 1 ms
2021-05-10 12:27:05.033 DEBUG 13218 --- [http-nio-8080-exec-2] org.hibernate.SQL                        : select albumentit0_.album_id as album_id1_0_0_, albumentit0_.autor as autor2_0_0_, albumentit0_.name as name3_0_0_, albumentit0_.price as price4_0_0_, albumentit0_.tittle as tittle5_0_0_, recordcomp1_.tittle as tittle1_1_1_ from album albumentit0_ left outer join record_company recordcomp1_ on albumentit0_.tittle=recordcomp1_.tittle where albumentit0_.album_id=?
2021-05-10 12:27:05.039 TRACE 13218 --- [http-nio-8080-exec-2] o.h.type.descriptor.sql.BasicBinder      : binding parameter [1] as [BIGINT] - [1]
2021-05-10 12:27:13.261  INFO 13218 --- [RMI TCP Connection(5)-127.0.0.1] inMXBeanRegistrar$SpringApplicationAdmin : Application shutdown requested.
2021-05-10 12:27:13.276  INFO 13218 --- [RMI TCP Connection(5)-127.0.0.1] o.s.s.concurrent.ThreadPoolTaskExecutor  : Shutting down ExecutorService 'applicationTaskExecutor'
2021-05-10 12:27:13.278  INFO 13218 --- [RMI TCP Connection(5)-127.0.0.1] j.LocalContainerEntityManagerFactoryBean : Closing JPA EntityManagerFactory for persistence unit 'default'
2021-05-10 12:27:13.278  INFO 13218 --- [RMI TCP Connection(5)-127.0.0.1] .SchemaDropperImpl$DelayedDropActionImpl : HHH000477: Starting delayed evictData of schema as part of SessionFactory shut-down'
2021-05-10 12:27:13.279 DEBUG 13218 --- [RMI TCP Connection(5)-127.0.0.1] org.hibernate.SQL                        : drop table if exists album CASCADE 
2021-05-10 12:27:13.281 DEBUG 13218 --- [RMI TCP Connection(5)-127.0.0.1] org.hibernate.SQL                        : drop table if exists record_company CASCADE 
2021-05-10 12:27:13.282 DEBUG 13218 --- [RMI TCP Connection(5)-127.0.0.1] org.hibernate.SQL                        : drop table if exists track CASCADE 
2021-05-10 12:27:13.283 DEBUG 13218 --- [RMI TCP Connection(5)-127.0.0.1] org.hibernate.SQL                        : drop sequence if exists hibernate_sequence
2021-05-10 12:27:13.285  INFO 13218 --- [RMI TCP Connection(5)-127.0.0.1] com.zaxxer.hikari.HikariDataSource       : HikariPool-1 - Shutdown initiated...
2021-05-10 12:27:13.287  INFO 13218 --- [RMI TCP Connection(5)-127.0.0.1] com.zaxxer.hikari.HikariDataSource       : HikariPool-1 - Shutdown completed.
2021-05-10 12:27:55.033  INFO 13397 --- [main] c.a.e.controller.AlbumControllerSpec     : Starting AlbumControllerSpec using Java 15.0.1 on alejandroLaptop with PID 13397 (started by alejandro in /home/alejandro/Documents/Projects/spring/spring-test)
2021-05-10 12:27:55.050  INFO 13397 --- [main] c.a.e.controller.AlbumControllerSpec     : No active profile set, falling back to default profiles: default
2021-05-10 12:27:56.741  INFO 13397 --- [main] o.s.s.concurrent.ThreadPoolTaskExecutor  : Initializing ExecutorService 'applicationTaskExecutor'
2021-05-10 12:27:57.017  INFO 13397 --- [main] o.s.b.t.m.w.SpringBootMockServletContext : Initializing Spring TestDispatcherServlet ''
2021-05-10 12:27:57.017  INFO 13397 --- [main] o.s.t.web.servlet.TestDispatcherServlet  : Initializing Servlet ''
2021-05-10 12:27:57.019  INFO 13397 --- [main] o.s.t.web.servlet.TestDispatcherServlet  : Completed initialization in 1 ms
2021-05-10 12:27:57.053  INFO 13397 --- [main] c.a.e.controller.AlbumControllerSpec     : Started AlbumControllerSpec in 2.552 seconds (JVM running for 3.569)
2021-05-10 12:27:57.431  WARN 13397 --- [main] .w.s.m.s.DefaultHandlerExceptionResolver : Resolved [org.springframework.http.converter.HttpMessageNotReadableException: Required request body is missing: public org.springframework.http.ResponseEntity<com.alejandro.example.dto.AlbumDTO> com.alejandro.example.controller.AlbumController.save(com.alejandro.example.dto.AlbumDTO)]
2021-05-10 12:27:57.535  INFO 13397 --- [SpringContextShutdownHook] o.s.s.concurrent.ThreadPoolTaskExecutor  : Shutting down ExecutorService 'applicationTaskExecutor'
2021-05-10 12:29:05.028  INFO 13472 --- [main] c.a.e.controller.AlbumControllerSpec     : Starting AlbumControllerSpec using Java 15.0.1 on alejandroLaptop with PID 13472 (started by alejandro in /home/alejandro/Documents/Projects/spring/spring-test)
2021-05-10 12:29:05.039  INFO 13472 --- [main] c.a.e.controller.AlbumControllerSpec     : No active profile set, falling back to default profiles: default
2021-05-10 12:29:06.619  INFO 13472 --- [main] o.s.s.concurrent.ThreadPoolTaskExecutor  : Initializing ExecutorService 'applicationTaskExecutor'
2021-05-10 12:29:06.940  INFO 13472 --- [main] o.s.b.t.m.w.SpringBootMockServletContext : Initializing Spring TestDispatcherServlet ''
2021-05-10 12:29:06.941  INFO 13472 --- [main] o.s.t.web.servlet.TestDispatcherServlet  : Initializing Servlet ''
2021-05-10 12:29:06.942  INFO 13472 --- [main] o.s.t.web.servlet.TestDispatcherServlet  : Completed initialization in 1 ms
2021-05-10 12:29:06.986  INFO 13472 --- [main] c.a.e.controller.AlbumControllerSpec     : Started AlbumControllerSpec in 2.391 seconds (JVM running for 3.305)
2021-05-10 12:29:07.383  WARN 13472 --- [main] .w.s.m.s.DefaultHandlerExceptionResolver : Resolved [org.springframework.http.converter.HttpMessageNotReadableException: Required request body is missing: public org.springframework.http.ResponseEntity<com.alejandro.example.dto.AlbumDTO> com.alejandro.example.controller.AlbumController.save(com.alejandro.example.dto.AlbumDTO)]
2021-05-10 12:29:07.477  INFO 13472 --- [SpringContextShutdownHook] o.s.s.concurrent.ThreadPoolTaskExecutor  : Shutting down ExecutorService 'applicationTaskExecutor'
2021-05-10 12:30:03.829  INFO 13554 --- [main] c.a.e.controller.AlbumControllerSpec     : Starting AlbumControllerSpec using Java 15.0.1 on alejandroLaptop with PID 13554 (started by alejandro in /home/alejandro/Documents/Projects/spring/spring-test)
2021-05-10 12:30:03.833  INFO 13554 --- [main] c.a.e.controller.AlbumControllerSpec     : No active profile set, falling back to default profiles: default
2021-05-10 12:30:05.350  INFO 13554 --- [main] o.s.s.concurrent.ThreadPoolTaskExecutor  : Initializing ExecutorService 'applicationTaskExecutor'
2021-05-10 12:30:05.596  INFO 13554 --- [main] o.s.b.t.m.w.SpringBootMockServletContext : Initializing Spring TestDispatcherServlet ''
2021-05-10 12:30:05.596  INFO 13554 --- [main] o.s.t.web.servlet.TestDispatcherServlet  : Initializing Servlet ''
2021-05-10 12:30:05.597  INFO 13554 --- [main] o.s.t.web.servlet.TestDispatcherServlet  : Completed initialization in 1 ms
2021-05-10 12:30:05.626  INFO 13554 --- [main] c.a.e.controller.AlbumControllerSpec     : Started AlbumControllerSpec in 2.178 seconds (JVM running for 3.117)
2021-05-10 12:30:05.948  WARN 13554 --- [main] .w.s.m.s.DefaultHandlerExceptionResolver : Resolved [org.springframework.http.converter.HttpMessageNotReadableException: Required request body is missing: public org.springframework.http.ResponseEntity<com.alejandro.example.dto.AlbumDTO> com.alejandro.example.controller.AlbumController.save(com.alejandro.example.dto.AlbumDTO)]
2021-05-10 12:30:06.042  INFO 13554 --- [SpringContextShutdownHook] o.s.s.concurrent.ThreadPoolTaskExecutor  : Shutting down ExecutorService 'applicationTaskExecutor'
2021-05-10 12:42:39.742  INFO 13908 --- [main] c.a.e.controller.AlbumControllerSpec     : Starting AlbumControllerSpec using Java 15.0.1 on alejandroLaptop with PID 13908 (started by alejandro in /home/alejandro/Documents/Projects/spring/spring-test)
2021-05-10 12:42:39.745  INFO 13908 --- [main] c.a.e.controller.AlbumControllerSpec     : No active profile set, falling back to default profiles: default
2021-05-10 12:42:41.179  INFO 13908 --- [main] o.s.s.concurrent.ThreadPoolTaskExecutor  : Initializing ExecutorService 'applicationTaskExecutor'
2021-05-10 12:42:41.466  INFO 13908 --- [main] o.s.b.t.m.w.SpringBootMockServletContext : Initializing Spring TestDispatcherServlet ''
2021-05-10 12:42:41.466  INFO 13908 --- [main] o.s.t.web.servlet.TestDispatcherServlet  : Initializing Servlet ''
2021-05-10 12:42:41.468  INFO 13908 --- [main] o.s.t.web.servlet.TestDispatcherServlet  : Completed initialization in 2 ms
2021-05-10 12:42:41.500  INFO 13908 --- [main] c.a.e.controller.AlbumControllerSpec     : Started AlbumControllerSpec in 2.152 seconds (JVM running for 3.05)
2021-05-10 12:42:41.849  WARN 13908 --- [main] .w.s.m.s.DefaultHandlerExceptionResolver : Resolved [org.springframework.http.converter.HttpMessageNotReadableException: Required request body is missing: public org.springframework.http.ResponseEntity<com.alejandro.example.dto.AlbumDTO> com.alejandro.example.controller.AlbumController.save(com.alejandro.example.dto.AlbumDTO)]
2021-05-10 12:42:41.904  WARN 13908 --- [main] .w.s.m.s.DefaultHandlerExceptionResolver : Resolved [org.springframework.http.converter.HttpMessageNotReadableException: Required request body is missing: public org.springframework.http.ResponseEntity<com.alejandro.example.dto.AlbumDTO> com.alejandro.example.controller.AlbumController.update(com.alejandro.example.dto.AlbumDTO,java.lang.Long)]
2021-05-10 12:42:41.950  INFO 13908 --- [SpringContextShutdownHook] o.s.s.concurrent.ThreadPoolTaskExecutor  : Shutting down ExecutorService 'applicationTaskExecutor'
2021-05-10 12:43:33.644  INFO 13981 --- [main] c.a.e.controller.AlbumControllerSpec     : Starting AlbumControllerSpec using Java 15.0.1 on alejandroLaptop with PID 13981 (started by alejandro in /home/alejandro/Documents/Projects/spring/spring-test)
2021-05-10 12:43:33.648  INFO 13981 --- [main] c.a.e.controller.AlbumControllerSpec     : No active profile set, falling back to default profiles: default
2021-05-10 12:43:35.183  INFO 13981 --- [main] o.s.s.concurrent.ThreadPoolTaskExecutor  : Initializing ExecutorService 'applicationTaskExecutor'
2021-05-10 12:43:35.414  INFO 13981 --- [main] o.s.b.t.m.w.SpringBootMockServletContext : Initializing Spring TestDispatcherServlet ''
2021-05-10 12:43:35.414  INFO 13981 --- [main] o.s.t.web.servlet.TestDispatcherServlet  : Initializing Servlet ''
2021-05-10 12:43:35.415  INFO 13981 --- [main] o.s.t.web.servlet.TestDispatcherServlet  : Completed initialization in 1 ms
2021-05-10 12:43:35.443  INFO 13981 --- [main] c.a.e.controller.AlbumControllerSpec     : Started AlbumControllerSpec in 2.184 seconds (JVM running for 3.103)
2021-05-10 12:43:35.740  WARN 13981 --- [main] .w.s.m.s.DefaultHandlerExceptionResolver : Resolved [org.springframework.http.converter.HttpMessageNotReadableException: Required request body is missing: public org.springframework.http.ResponseEntity<com.alejandro.example.dto.AlbumDTO> com.alejandro.example.controller.AlbumController.save(com.alejandro.example.dto.AlbumDTO)]
2021-05-10 12:43:35.842  INFO 13981 --- [SpringContextShutdownHook] o.s.s.concurrent.ThreadPoolTaskExecutor  : Shutting down ExecutorService 'applicationTaskExecutor'
2021-05-10 12:51:54.958  INFO 14249 --- [main] c.a.e.controller.AlbumControllerSpec     : Starting AlbumControllerSpec using Java 15.0.1 on alejandroLaptop with PID 14249 (started by alejandro in /home/alejandro/Documents/Projects/spring/spring-test)
2021-05-10 12:51:54.962  INFO 14249 --- [main] c.a.e.controller.AlbumControllerSpec     : No active profile set, falling back to default profiles: default
2021-05-10 12:51:56.367  INFO 14249 --- [main] o.s.s.concurrent.ThreadPoolTaskExecutor  : Initializing ExecutorService 'applicationTaskExecutor'
2021-05-10 12:51:56.587  INFO 14249 --- [main] o.s.b.t.m.w.SpringBootMockServletContext : Initializing Spring TestDispatcherServlet ''
2021-05-10 12:51:56.588  INFO 14249 --- [main] o.s.t.web.servlet.TestDispatcherServlet  : Initializing Servlet ''
2021-05-10 12:51:56.589  INFO 14249 --- [main] o.s.t.web.servlet.TestDispatcherServlet  : Completed initialization in 1 ms
2021-05-10 12:51:56.612  INFO 14249 --- [main] c.a.e.controller.AlbumControllerSpec     : Started AlbumControllerSpec in 1.959 seconds (JVM running for 3.007)
2021-05-10 12:51:56.882  WARN 14249 --- [main] .w.s.m.s.DefaultHandlerExceptionResolver : Resolved [org.springframework.http.converter.HttpMessageNotReadableException: Required request body is missing: public org.springframework.http.ResponseEntity<com.alejandro.example.dto.AlbumDTO> com.alejandro.example.controller.AlbumController.save(com.alejandro.example.dto.AlbumDTO)]
2021-05-10 12:51:56.970  INFO 14249 --- [SpringContextShutdownHook] o.s.s.concurrent.ThreadPoolTaskExecutor  : Shutting down ExecutorService 'applicationTaskExecutor'
2021-05-10 12:52:04.492  INFO 14289 --- [main] c.a.e.controller.AlbumControllerSpec     : Starting AlbumControllerSpec using Java 15.0.1 on alejandroLaptop with PID 14289 (started by alejandro in /home/alejandro/Documents/Projects/spring/spring-test)
2021-05-10 12:52:04.496  INFO 14289 --- [main] c.a.e.controller.AlbumControllerSpec     : No active profile set, falling back to default profiles: default
2021-05-10 12:52:05.787  INFO 14289 --- [main] o.s.s.concurrent.ThreadPoolTaskExecutor  : Initializing ExecutorService 'applicationTaskExecutor'
2021-05-10 12:52:06.058  INFO 14289 --- [main] o.s.b.t.m.w.SpringBootMockServletContext : Initializing Spring TestDispatcherServlet ''
2021-05-10 12:52:06.058  INFO 14289 --- [main] o.s.t.web.servlet.TestDispatcherServlet  : Initializing Servlet ''
2021-05-10 12:52:06.060  INFO 14289 --- [main] o.s.t.web.servlet.TestDispatcherServlet  : Completed initialization in 1 ms
2021-05-10 12:52:06.093  INFO 14289 --- [main] c.a.e.controller.AlbumControllerSpec     : Started AlbumControllerSpec in 1.906 seconds (JVM running for 2.858)
2021-05-10 12:52:06.407  WARN 14289 --- [main] .w.s.m.s.DefaultHandlerExceptionResolver : Resolved [org.springframework.http.converter.HttpMessageNotReadableException: Required request body is missing: public org.springframework.http.ResponseEntity<com.alejandro.example.dto.AlbumDTO> com.alejandro.example.controller.AlbumController.save(com.alejandro.example.dto.AlbumDTO)]
2021-05-10 12:52:06.501  INFO 14289 --- [SpringContextShutdownHook] o.s.s.concurrent.ThreadPoolTaskExecutor  : Shutting down ExecutorService 'applicationTaskExecutor'
2021-05-10 13:06:54.234  INFO 15147 --- [main] c.a.e.controller.AlbumControllerSpec     : Starting AlbumControllerSpec using Java 15.0.1 on alejandroLaptop with PID 15147 (started by alejandro in /home/alejandro/Documents/Projects/spring/spring-test)
2021-05-10 13:06:54.240  INFO 15147 --- [main] c.a.e.controller.AlbumControllerSpec     : No active profile set, falling back to default profiles: default
2021-05-10 13:06:55.612  INFO 15147 --- [main] o.s.s.concurrent.ThreadPoolTaskExecutor  : Initializing ExecutorService 'applicationTaskExecutor'
2021-05-10 13:06:55.792  INFO 15147 --- [main] o.s.b.t.m.w.SpringBootMockServletContext : Initializing Spring TestDispatcherServlet ''
2021-05-10 13:06:55.792  INFO 15147 --- [main] o.s.t.web.servlet.TestDispatcherServlet  : Initializing Servlet ''
2021-05-10 13:06:55.793  INFO 15147 --- [main] o.s.t.web.servlet.TestDispatcherServlet  : Completed initialization in 1 ms
2021-05-10 13:06:55.821  INFO 15147 --- [main] c.a.e.controller.AlbumControllerSpec     : Started AlbumControllerSpec in 1.944 seconds (JVM running for 2.811)
2021-05-10 13:06:55.896  WARN 15147 --- [main] .w.s.m.s.DefaultHandlerExceptionResolver : Resolved [org.springframework.http.converter.HttpMessageNotReadableException: Required request body is missing: public org.springframework.http.ResponseEntity<com.alejandro.example.dto.AlbumDTO> com.alejandro.example.controller.AlbumController.addTrack(com.alejandro.example.dto.TrackDTO,java.lang.Long)]
2021-05-10 13:06:56.135  WARN 15147 --- [main] .w.s.m.s.DefaultHandlerExceptionResolver : Resolved [org.springframework.http.converter.HttpMessageNotReadableException: Required request body is missing: public org.springframework.http.ResponseEntity<com.alejandro.example.dto.AlbumDTO> com.alejandro.example.controller.AlbumController.save(com.alejandro.example.dto.AlbumDTO)]
2021-05-10 13:06:56.239  INFO 15147 --- [SpringContextShutdownHook] o.s.s.concurrent.ThreadPoolTaskExecutor  : Shutting down ExecutorService 'applicationTaskExecutor'
2021-05-10 13:07:33.507  INFO 15192 --- [main] c.a.e.controller.AlbumControllerSpec     : Starting AlbumControllerSpec using Java 15.0.1 on alejandroLaptop with PID 15192 (started by alejandro in /home/alejandro/Documents/Projects/spring/spring-test)
2021-05-10 13:07:33.512  INFO 15192 --- [main] c.a.e.controller.AlbumControllerSpec     : No active profile set, falling back to default profiles: default
2021-05-10 13:07:34.829  INFO 15192 --- [main] o.s.s.concurrent.ThreadPoolTaskExecutor  : Initializing ExecutorService 'applicationTaskExecutor'
2021-05-10 13:07:35.048  INFO 15192 --- [main] o.s.b.t.m.w.SpringBootMockServletContext : Initializing Spring TestDispatcherServlet ''
2021-05-10 13:07:35.048  INFO 15192 --- [main] o.s.t.web.servlet.TestDispatcherServlet  : Initializing Servlet ''
2021-05-10 13:07:35.049  INFO 15192 --- [main] o.s.t.web.servlet.TestDispatcherServlet  : Completed initialization in 1 ms
2021-05-10 13:07:35.075  INFO 15192 --- [main] c.a.e.controller.AlbumControllerSpec     : Started AlbumControllerSpec in 1.939 seconds (JVM running for 2.864)
2021-05-10 13:07:35.150  WARN 15192 --- [main] .w.s.m.s.DefaultHandlerExceptionResolver : Resolved [org.springframework.http.converter.HttpMessageNotReadableException: Required request body is missing: public org.springframework.http.ResponseEntity<com.alejandro.example.dto.AlbumDTO> com.alejandro.example.controller.AlbumController.addTrack(com.alejandro.example.dto.TrackDTO,java.lang.Long)]
2021-05-10 13:07:35.367  WARN 15192 --- [main] .w.s.m.s.DefaultHandlerExceptionResolver : Resolved [org.springframework.http.converter.HttpMessageNotReadableException: Required request body is missing: public org.springframework.http.ResponseEntity<com.alejandro.example.dto.AlbumDTO> com.alejandro.example.controller.AlbumController.save(com.alejandro.example.dto.AlbumDTO)]
2021-05-10 13:07:35.450  INFO 15192 --- [SpringContextShutdownHook] o.s.s.concurrent.ThreadPoolTaskExecutor  : Shutting down ExecutorService 'applicationTaskExecutor'
2021-05-10 13:11:25.910  INFO 15313 --- [main] c.a.e.controller.AlbumControllerSpec     : Starting AlbumControllerSpec using Java 15.0.1 on alejandroLaptop with PID 15313 (started by alejandro in /home/alejandro/Documents/Projects/spring/spring-test)
2021-05-10 13:11:25.914  INFO 15313 --- [main] c.a.e.controller.AlbumControllerSpec     : No active profile set, falling back to default profiles: default
2021-05-10 13:11:27.214  INFO 15313 --- [main] o.s.s.concurrent.ThreadPoolTaskExecutor  : Initializing ExecutorService 'applicationTaskExecutor'
2021-05-10 13:11:27.479  INFO 15313 --- [main] o.s.b.t.m.w.SpringBootMockServletContext : Initializing Spring TestDispatcherServlet ''
2021-05-10 13:11:27.480  INFO 15313 --- [main] o.s.t.web.servlet.TestDispatcherServlet  : Initializing Servlet ''
2021-05-10 13:11:27.481  INFO 15313 --- [main] o.s.t.web.servlet.TestDispatcherServlet  : Completed initialization in 1 ms
2021-05-10 13:11:27.514  INFO 15313 --- [main] c.a.e.controller.AlbumControllerSpec     : Started AlbumControllerSpec in 1.946 seconds (JVM running for 2.956)
2021-05-10 13:11:27.829  WARN 15313 --- [main] .w.s.m.s.DefaultHandlerExceptionResolver : Resolved [org.springframework.http.converter.HttpMessageNotReadableException: Required request body is missing: public org.springframework.http.ResponseEntity<com.alejandro.example.dto.AlbumDTO> com.alejandro.example.controller.AlbumController.save(com.alejandro.example.dto.AlbumDTO)]
2021-05-10 13:11:27.909  INFO 15313 --- [SpringContextShutdownHook] o.s.s.concurrent.ThreadPoolTaskExecutor  : Shutting down ExecutorService 'applicationTaskExecutor'
2021-05-10 13:21:40.602  INFO 15886 --- [main] c.a.e.controller.AlbumControllerSpec     : Starting AlbumControllerSpec using Java 15.0.1 on alejandroLaptop with PID 15886 (started by alejandro in /home/alejandro/Documents/Projects/spring/spring-test)
2021-05-10 13:21:40.606  INFO 15886 --- [main] c.a.e.controller.AlbumControllerSpec     : No active profile set, falling back to default profiles: default
2021-05-10 13:21:41.948  INFO 15886 --- [main] o.s.s.concurrent.ThreadPoolTaskExecutor  : Initializing ExecutorService 'applicationTaskExecutor'
2021-05-10 13:21:42.146  INFO 15886 --- [main] o.s.b.t.m.w.SpringBootMockServletContext : Initializing Spring TestDispatcherServlet ''
2021-05-10 13:21:42.146  INFO 15886 --- [main] o.s.t.web.servlet.TestDispatcherServlet  : Initializing Servlet ''
2021-05-10 13:21:42.148  INFO 15886 --- [main] o.s.t.web.servlet.TestDispatcherServlet  : Completed initialization in 1 ms
2021-05-10 13:21:42.178  INFO 15886 --- [main] c.a.e.controller.AlbumControllerSpec     : Started AlbumControllerSpec in 1.953 seconds (JVM running for 2.872)
2021-05-10 13:21:42.496  WARN 15886 --- [main] .w.s.m.s.DefaultHandlerExceptionResolver : Resolved [org.springframework.http.converter.HttpMessageNotReadableException: Required request body is missing: public org.springframework.http.ResponseEntity<com.alejandro.example.dto.AlbumDTO> com.alejandro.example.controller.AlbumController.save(com.alejandro.example.dto.AlbumDTO)]
2021-05-10 13:21:42.585  INFO 15886 --- [SpringContextShutdownHook] o.s.s.concurrent.ThreadPoolTaskExecutor  : Shutting down ExecutorService 'applicationTaskExecutor'
2021-05-10 13:22:40.701  INFO 15951 --- [main] c.a.e.controller.AlbumControllerSpec     : Starting AlbumControllerSpec using Java 15.0.1 on alejandroLaptop with PID 15951 (started by alejandro in /home/alejandro/Documents/Projects/spring/spring-test)
2021-05-10 13:22:40.705  INFO 15951 --- [main] c.a.e.controller.AlbumControllerSpec     : No active profile set, falling back to default profiles: default
2021-05-10 13:22:41.987  INFO 15951 --- [main] o.s.s.concurrent.ThreadPoolTaskExecutor  : Initializing ExecutorService 'applicationTaskExecutor'
2021-05-10 13:22:42.190  INFO 15951 --- [main] o.s.b.t.m.w.SpringBootMockServletContext : Initializing Spring TestDispatcherServlet ''
2021-05-10 13:22:42.191  INFO 15951 --- [main] o.s.t.web.servlet.TestDispatcherServlet  : Initializing Servlet ''
2021-05-10 13:22:42.192  INFO 15951 --- [main] o.s.t.web.servlet.TestDispatcherServlet  : Completed initialization in 1 ms
2021-05-10 13:22:42.222  INFO 15951 --- [main] c.a.e.controller.AlbumControllerSpec     : Started AlbumControllerSpec in 1.898 seconds (JVM running for 2.798)
2021-05-10 13:22:42.537  WARN 15951 --- [main] .w.s.m.s.DefaultHandlerExceptionResolver : Resolved [org.springframework.http.converter.HttpMessageNotReadableException: Required request body is missing: public org.springframework.http.ResponseEntity<com.alejandro.example.dto.AlbumDTO> com.alejandro.example.controller.AlbumController.save(com.alejandro.example.dto.AlbumDTO)]
2021-05-10 13:22:42.613  INFO 15951 --- [SpringContextShutdownHook] o.s.s.concurrent.ThreadPoolTaskExecutor  : Shutting down ExecutorService 'applicationTaskExecutor'
2021-05-10 13:23:39.521  INFO 16004 --- [main] c.a.e.controller.AlbumControllerSpec     : Starting AlbumControllerSpec using Java 15.0.1 on alejandroLaptop with PID 16004 (started by alejandro in /home/alejandro/Documents/Projects/spring/spring-test)
2021-05-10 13:23:39.524  INFO 16004 --- [main] c.a.e.controller.AlbumControllerSpec     : No active profile set, falling back to default profiles: default
2021-05-10 13:23:40.748  INFO 16004 --- [main] o.s.s.concurrent.ThreadPoolTaskExecutor  : Initializing ExecutorService 'applicationTaskExecutor'
2021-05-10 13:23:40.979  INFO 16004 --- [main] o.s.b.t.m.w.SpringBootMockServletContext : Initializing Spring TestDispatcherServlet ''
2021-05-10 13:23:40.979  INFO 16004 --- [main] o.s.t.web.servlet.TestDispatcherServlet  : Initializing Servlet ''
2021-05-10 13:23:40.980  INFO 16004 --- [main] o.s.t.web.servlet.TestDispatcherServlet  : Completed initialization in 1 ms
2021-05-10 13:23:41.011  INFO 16004 --- [main] c.a.e.controller.AlbumControllerSpec     : Started AlbumControllerSpec in 1.816 seconds (JVM running for 2.662)
2021-05-10 13:23:41.300  WARN 16004 --- [main] .w.s.m.s.DefaultHandlerExceptionResolver : Resolved [org.springframework.http.converter.HttpMessageNotReadableException: Required request body is missing: public org.springframework.http.ResponseEntity<com.alejandro.example.dto.AlbumDTO> com.alejandro.example.controller.AlbumController.save(com.alejandro.example.dto.AlbumDTO)]
2021-05-10 13:23:41.385  INFO 16004 --- [SpringContextShutdownHook] o.s.s.concurrent.ThreadPoolTaskExecutor  : Shutting down ExecutorService 'applicationTaskExecutor'
2021-05-10 13:29:28.624  INFO 16306 --- [main] c.a.e.controller.AlbumControllerSpec     : Starting AlbumControllerSpec using Java 15.0.1 on alejandroLaptop with PID 16306 (started by alejandro in /home/alejandro/Documents/Projects/spring/spring-test)
2021-05-10 13:29:28.627  INFO 16306 --- [main] c.a.e.controller.AlbumControllerSpec     : No active profile set, falling back to default profiles: default
2021-05-10 13:29:29.958  INFO 16306 --- [main] o.s.s.concurrent.ThreadPoolTaskExecutor  : Initializing ExecutorService 'applicationTaskExecutor'
2021-05-10 13:29:30.211  INFO 16306 --- [main] o.s.b.t.m.w.SpringBootMockServletContext : Initializing Spring TestDispatcherServlet ''
2021-05-10 13:29:30.211  INFO 16306 --- [main] o.s.t.web.servlet.TestDispatcherServlet  : Initializing Servlet ''
2021-05-10 13:29:30.213  INFO 16306 --- [main] o.s.t.web.servlet.TestDispatcherServlet  : Completed initialization in 2 ms
2021-05-10 13:29:30.246  INFO 16306 --- [main] c.a.e.controller.AlbumControllerSpec     : Started AlbumControllerSpec in 1.955 seconds (JVM running for 2.877)
2021-05-10 13:29:30.591  WARN 16306 --- [main] .w.s.m.s.DefaultHandlerExceptionResolver : Resolved [org.springframework.http.converter.HttpMessageNotReadableException: Required request body is missing: public org.springframework.http.ResponseEntity<com.alejandro.example.dto.AlbumDTO> com.alejandro.example.controller.AlbumController.save(com.alejandro.example.dto.AlbumDTO)]
2021-05-10 13:29:30.674  INFO 16306 --- [SpringContextShutdownHook] o.s.s.concurrent.ThreadPoolTaskExecutor  : Shutting down ExecutorService 'applicationTaskExecutor'
2021-05-10 13:30:09.653  INFO 16370 --- [main] c.a.e.controller.AlbumControllerSpec     : Starting AlbumControllerSpec using Java 15.0.1 on alejandroLaptop with PID 16370 (started by alejandro in /home/alejandro/Documents/Projects/spring/spring-test)
2021-05-10 13:30:09.656  INFO 16370 --- [main] c.a.e.controller.AlbumControllerSpec     : No active profile set, falling back to default profiles: default
2021-05-10 13:30:11.080  INFO 16370 --- [main] o.s.s.concurrent.ThreadPoolTaskExecutor  : Initializing ExecutorService 'applicationTaskExecutor'
2021-05-10 13:30:11.303  INFO 16370 --- [main] o.s.b.t.m.w.SpringBootMockServletContext : Initializing Spring TestDispatcherServlet ''
2021-05-10 13:30:11.304  INFO 16370 --- [main] o.s.t.web.servlet.TestDispatcherServlet  : Initializing Servlet ''
2021-05-10 13:30:11.305  INFO 16370 --- [main] o.s.t.web.servlet.TestDispatcherServlet  : Completed initialization in 1 ms
2021-05-10 13:30:11.335  INFO 16370 --- [main] c.a.e.controller.AlbumControllerSpec     : Started AlbumControllerSpec in 2.03 seconds (JVM running for 2.94)
2021-05-10 13:30:11.633  WARN 16370 --- [main] .w.s.m.s.DefaultHandlerExceptionResolver : Resolved [org.springframework.http.converter.HttpMessageNotReadableException: Required request body is missing: public org.springframework.http.ResponseEntity<com.alejandro.example.dto.AlbumDTO> com.alejandro.example.controller.AlbumController.save(com.alejandro.example.dto.AlbumDTO)]
2021-05-10 13:30:11.713  INFO 16370 --- [SpringContextShutdownHook] o.s.s.concurrent.ThreadPoolTaskExecutor  : Shutting down ExecutorService 'applicationTaskExecutor'
2021-05-10 13:30:51.189  INFO 16420 --- [main] c.a.e.controller.AlbumControllerSpec     : Starting AlbumControllerSpec using Java 15.0.1 on alejandroLaptop with PID 16420 (started by alejandro in /home/alejandro/Documents/Projects/spring/spring-test)
2021-05-10 13:30:51.192  INFO 16420 --- [main] c.a.e.controller.AlbumControllerSpec     : No active profile set, falling back to default profiles: default
2021-05-10 13:30:52.380  INFO 16420 --- [main] o.s.s.concurrent.ThreadPoolTaskExecutor  : Initializing ExecutorService 'applicationTaskExecutor'
2021-05-10 13:30:52.602  INFO 16420 --- [main] o.s.b.t.m.w.SpringBootMockServletContext : Initializing Spring TestDispatcherServlet ''
2021-05-10 13:30:52.602  INFO 16420 --- [main] o.s.t.web.servlet.TestDispatcherServlet  : Initializing Servlet ''
2021-05-10 13:30:52.603  INFO 16420 --- [main] o.s.t.web.servlet.TestDispatcherServlet  : Completed initialization in 1 ms
2021-05-10 13:30:52.630  INFO 16420 --- [main] c.a.e.controller.AlbumControllerSpec     : Started AlbumControllerSpec in 1.755 seconds (JVM running for 2.628)
2021-05-10 13:30:52.943  WARN 16420 --- [main] .w.s.m.s.DefaultHandlerExceptionResolver : Resolved [org.springframework.http.converter.HttpMessageNotReadableException: Required request body is missing: public org.springframework.http.ResponseEntity<com.alejandro.example.dto.AlbumDTO> com.alejandro.example.controller.AlbumController.save(com.alejandro.example.dto.AlbumDTO)]
2021-05-10 13:30:53.029  INFO 16420 --- [SpringContextShutdownHook] o.s.s.concurrent.ThreadPoolTaskExecutor  : Shutting down ExecutorService 'applicationTaskExecutor'
2021-05-10 13:32:59.170  INFO 16496 --- [main] c.a.e.controller.AlbumControllerSpec     : Starting AlbumControllerSpec using Java 15.0.1 on alejandroLaptop with PID 16496 (started by alejandro in /home/alejandro/Documents/Projects/spring/spring-test)
2021-05-10 13:32:59.173  INFO 16496 --- [main] c.a.e.controller.AlbumControllerSpec     : No active profile set, falling back to default profiles: default
2021-05-10 13:33:00.498  INFO 16496 --- [main] o.s.s.concurrent.ThreadPoolTaskExecutor  : Initializing ExecutorService 'applicationTaskExecutor'
2021-05-10 13:33:00.772  INFO 16496 --- [main] o.s.b.t.m.w.SpringBootMockServletContext : Initializing Spring TestDispatcherServlet ''
2021-05-10 13:33:00.773  INFO 16496 --- [main] o.s.t.web.servlet.TestDispatcherServlet  : Initializing Servlet ''
2021-05-10 13:33:00.774  INFO 16496 --- [main] o.s.t.web.servlet.TestDispatcherServlet  : Completed initialization in 1 ms
2021-05-10 13:33:00.805  INFO 16496 --- [main] c.a.e.controller.AlbumControllerSpec     : Started AlbumControllerSpec in 1.952 seconds (JVM running for 2.863)
2021-05-10 13:33:01.121  WARN 16496 --- [main] .w.s.m.s.DefaultHandlerExceptionResolver : Resolved [org.springframework.http.converter.HttpMessageNotReadableException: Required request body is missing: public org.springframework.http.ResponseEntity<com.alejandro.example.dto.AlbumDTO> com.alejandro.example.controller.AlbumController.save(com.alejandro.example.dto.AlbumDTO)]
2021-05-10 13:33:01.221  INFO 16496 --- [SpringContextShutdownHook] o.s.s.concurrent.ThreadPoolTaskExecutor  : Shutting down ExecutorService 'applicationTaskExecutor'
2021-05-10 13:34:13.036  INFO 16587 --- [main] c.a.e.controller.AlbumControllerSpec     : Starting AlbumControllerSpec using Java 15.0.1 on alejandroLaptop with PID 16587 (started by alejandro in /home/alejandro/Documents/Projects/spring/spring-test)
2021-05-10 13:34:13.039  INFO 16587 --- [main] c.a.e.controller.AlbumControllerSpec     : No active profile set, falling back to default profiles: default
2021-05-10 13:34:14.227  INFO 16587 --- [main] o.s.s.concurrent.ThreadPoolTaskExecutor  : Initializing ExecutorService 'applicationTaskExecutor'
2021-05-10 13:34:14.439  INFO 16587 --- [main] o.s.b.t.m.w.SpringBootMockServletContext : Initializing Spring TestDispatcherServlet ''
2021-05-10 13:34:14.439  INFO 16587 --- [main] o.s.t.web.servlet.TestDispatcherServlet  : Initializing Servlet ''
2021-05-10 13:34:14.440  INFO 16587 --- [main] o.s.t.web.servlet.TestDispatcherServlet  : Completed initialization in 1 ms
2021-05-10 13:34:14.465  INFO 16587 --- [main] c.a.e.controller.AlbumControllerSpec     : Started AlbumControllerSpec in 1.734 seconds (JVM running for 2.524)
2021-05-10 13:34:14.710  WARN 16587 --- [main] .w.s.m.s.DefaultHandlerExceptionResolver : Resolved [org.springframework.http.converter.HttpMessageNotReadableException: Required request body is missing: public org.springframework.http.ResponseEntity<com.alejandro.example.dto.AlbumDTO> com.alejandro.example.controller.AlbumController.save(com.alejandro.example.dto.AlbumDTO)]
2021-05-10 13:34:14.816  INFO 16587 --- [SpringContextShutdownHook] o.s.s.concurrent.ThreadPoolTaskExecutor  : Shutting down ExecutorService 'applicationTaskExecutor'
2021-05-10 13:35:24.949  INFO 16665 --- [main] c.a.e.controller.AlbumControllerSpec     : Starting AlbumControllerSpec using Java 15.0.1 on alejandroLaptop with PID 16665 (started by alejandro in /home/alejandro/Documents/Projects/spring/spring-test)
2021-05-10 13:35:24.952  INFO 16665 --- [main] c.a.e.controller.AlbumControllerSpec     : No active profile set, falling back to default profiles: default
2021-05-10 13:35:26.140  INFO 16665 --- [main] o.s.s.concurrent.ThreadPoolTaskExecutor  : Initializing ExecutorService 'applicationTaskExecutor'
2021-05-10 13:35:26.332  INFO 16665 --- [main] o.s.b.t.m.w.SpringBootMockServletContext : Initializing Spring TestDispatcherServlet ''
2021-05-10 13:35:26.332  INFO 16665 --- [main] o.s.t.web.servlet.TestDispatcherServlet  : Initializing Servlet ''
2021-05-10 13:35:26.333  INFO 16665 --- [main] o.s.t.web.servlet.TestDispatcherServlet  : Completed initialization in 1 ms
2021-05-10 13:35:26.362  INFO 16665 --- [main] c.a.e.controller.AlbumControllerSpec     : Started AlbumControllerSpec in 1.734 seconds (JVM running for 2.679)
2021-05-10 13:35:26.681  WARN 16665 --- [main] .w.s.m.s.DefaultHandlerExceptionResolver : Resolved [org.springframework.http.converter.HttpMessageNotReadableException: Required request body is missing: public org.springframework.http.ResponseEntity<com.alejandro.example.dto.AlbumDTO> com.alejandro.example.controller.AlbumController.save(com.alejandro.example.dto.AlbumDTO)]
2021-05-10 13:35:26.777  INFO 16665 --- [SpringContextShutdownHook] o.s.s.concurrent.ThreadPoolTaskExecutor  : Shutting down ExecutorService 'applicationTaskExecutor'
2021-05-10 13:36:50.572  INFO 16731 --- [main] c.a.e.controller.AlbumControllerSpec     : Starting AlbumControllerSpec using Java 15.0.1 on alejandroLaptop with PID 16731 (started by alejandro in /home/alejandro/Documents/Projects/spring/spring-test)
2021-05-10 13:36:50.576  INFO 16731 --- [main] c.a.e.controller.AlbumControllerSpec     : No active profile set, falling back to default profiles: default
2021-05-10 13:36:51.751  INFO 16731 --- [main] o.s.s.concurrent.ThreadPoolTaskExecutor  : Initializing ExecutorService 'applicationTaskExecutor'
2021-05-10 13:36:51.987  INFO 16731 --- [main] o.s.b.t.m.w.SpringBootMockServletContext : Initializing Spring TestDispatcherServlet ''
2021-05-10 13:36:51.987  INFO 16731 --- [main] o.s.t.web.servlet.TestDispatcherServlet  : Initializing Servlet ''
2021-05-10 13:36:51.988  INFO 16731 --- [main] o.s.t.web.servlet.TestDispatcherServlet  : Completed initialization in 1 ms
2021-05-10 13:36:52.017  INFO 16731 --- [main] c.a.e.controller.AlbumControllerSpec     : Started AlbumControllerSpec in 1.81 seconds (JVM running for 2.655)
2021-05-10 13:36:52.135  WARN 16731 --- [main] .w.s.m.s.DefaultHandlerExceptionResolver : Resolved [org.springframework.http.converter.HttpMessageNotReadableException: Required request body is missing: public org.springframework.http.ResponseEntity<com.alejandro.example.dto.AlbumDTO> com.alejandro.example.controller.AlbumController.addTrack(com.alejandro.example.dto.TrackDTO,java.lang.Long)]
2021-05-10 13:36:52.291  WARN 16731 --- [main] .w.s.m.s.DefaultHandlerExceptionResolver : Resolved [org.springframework.http.converter.HttpMessageNotReadableException: Required request body is missing: public org.springframework.http.ResponseEntity<com.alejandro.example.dto.AlbumDTO> com.alejandro.example.controller.AlbumController.save(com.alejandro.example.dto.AlbumDTO)]
2021-05-10 13:36:52.369  INFO 16731 --- [SpringContextShutdownHook] o.s.s.concurrent.ThreadPoolTaskExecutor  : Shutting down ExecutorService 'applicationTaskExecutor'
2021-05-10 13:37:42.776  INFO 16789 --- [main] c.a.e.controller.AlbumControllerSpec     : Starting AlbumControllerSpec using Java 15.0.1 on alejandroLaptop with PID 16789 (started by alejandro in /home/alejandro/Documents/Projects/spring/spring-test)
2021-05-10 13:37:42.780  INFO 16789 --- [main] c.a.e.controller.AlbumControllerSpec     : No active profile set, falling back to default profiles: default
2021-05-10 13:37:44.008  INFO 16789 --- [main] o.s.s.concurrent.ThreadPoolTaskExecutor  : Initializing ExecutorService 'applicationTaskExecutor'
2021-05-10 13:37:44.205  INFO 16789 --- [main] o.s.b.t.m.w.SpringBootMockServletContext : Initializing Spring TestDispatcherServlet ''
2021-05-10 13:37:44.205  INFO 16789 --- [main] o.s.t.web.servlet.TestDispatcherServlet  : Initializing Servlet ''
2021-05-10 13:37:44.206  INFO 16789 --- [main] o.s.t.web.servlet.TestDispatcherServlet  : Completed initialization in 0 ms
2021-05-10 13:37:44.234  INFO 16789 --- [main] c.a.e.controller.AlbumControllerSpec     : Started AlbumControllerSpec in 1.822 seconds (JVM running for 2.709)
2021-05-10 13:37:44.535  WARN 16789 --- [main] .w.s.m.s.DefaultHandlerExceptionResolver : Resolved [org.springframework.http.converter.HttpMessageNotReadableException: Required request body is missing: public org.springframework.http.ResponseEntity<com.alejandro.example.dto.AlbumDTO> com.alejandro.example.controller.AlbumController.save(com.alejandro.example.dto.AlbumDTO)]
2021-05-10 13:37:44.611  INFO 16789 --- [SpringContextShutdownHook] o.s.s.concurrent.ThreadPoolTaskExecutor  : Shutting down ExecutorService 'applicationTaskExecutor'
2021-05-10 13:39:40.776  INFO 16896 --- [main] c.a.e.controller.AlbumControllerSpec     : Starting AlbumControllerSpec using Java 15.0.1 on alejandroLaptop with PID 16896 (started by alejandro in /home/alejandro/Documents/Projects/spring/spring-test)
2021-05-10 13:39:40.780  INFO 16896 --- [main] c.a.e.controller.AlbumControllerSpec     : No active profile set, falling back to default profiles: default
2021-05-10 13:39:42.236  INFO 16896 --- [main] o.s.s.concurrent.ThreadPoolTaskExecutor  : Initializing ExecutorService 'applicationTaskExecutor'
2021-05-10 13:39:42.498  INFO 16896 --- [main] o.s.b.t.m.w.SpringBootMockServletContext : Initializing Spring TestDispatcherServlet ''
2021-05-10 13:39:42.499  INFO 16896 --- [main] o.s.t.web.servlet.TestDispatcherServlet  : Initializing Servlet ''
2021-05-10 13:39:42.500  INFO 16896 --- [main] o.s.t.web.servlet.TestDispatcherServlet  : Completed initialization in 1 ms
2021-05-10 13:39:42.536  INFO 16896 --- [main] c.a.e.controller.AlbumControllerSpec     : Started AlbumControllerSpec in 2.13 seconds (JVM running for 3.089)
2021-05-10 13:39:42.884  WARN 16896 --- [main] .w.s.m.s.DefaultHandlerExceptionResolver : Resolved [org.springframework.http.converter.HttpMessageNotReadableException: Required request body is missing: public org.springframework.http.ResponseEntity<com.alejandro.example.dto.AlbumDTO> com.alejandro.example.controller.AlbumController.save(com.alejandro.example.dto.AlbumDTO)]
2021-05-10 13:39:42.985  INFO 16896 --- [SpringContextShutdownHook] o.s.s.concurrent.ThreadPoolTaskExecutor  : Shutting down ExecutorService 'applicationTaskExecutor'
2021-05-10 13:41:43.473  INFO 17003 --- [main] c.a.e.controller.AlbumControllerSpec     : Starting AlbumControllerSpec using Java 15.0.1 on alejandroLaptop with PID 17003 (started by alejandro in /home/alejandro/Documents/Projects/spring/spring-test)
2021-05-10 13:41:43.476  INFO 17003 --- [main] c.a.e.controller.AlbumControllerSpec     : No active profile set, falling back to default profiles: default
2021-05-10 13:41:44.712  INFO 17003 --- [main] o.s.s.concurrent.ThreadPoolTaskExecutor  : Initializing ExecutorService 'applicationTaskExecutor'
2021-05-10 13:41:44.993  INFO 17003 --- [main] o.s.b.t.m.w.SpringBootMockServletContext : Initializing Spring TestDispatcherServlet ''
2021-05-10 13:41:44.993  INFO 17003 --- [main] o.s.t.web.servlet.TestDispatcherServlet  : Initializing Servlet ''
2021-05-10 13:41:44.994  INFO 17003 --- [main] o.s.t.web.servlet.TestDispatcherServlet  : Completed initialization in 1 ms
2021-05-10 13:41:45.029  INFO 17003 --- [main] c.a.e.controller.AlbumControllerSpec     : Started AlbumControllerSpec in 1.85 seconds (JVM running for 2.819)
2021-05-10 13:41:45.307  WARN 17003 --- [main] .w.s.m.s.DefaultHandlerExceptionResolver : Resolved [org.springframework.http.converter.HttpMessageNotReadableException: Required request body is missing: public org.springframework.http.ResponseEntity<com.alejandro.example.dto.AlbumDTO> com.alejandro.example.controller.AlbumController.save(com.alejandro.example.dto.AlbumDTO)]
2021-05-10 13:41:45.390  INFO 17003 --- [SpringContextShutdownHook] o.s.s.concurrent.ThreadPoolTaskExecutor  : Shutting down ExecutorService 'applicationTaskExecutor'
2021-05-10 13:43:32.027  INFO 17083 --- [main] c.a.e.controller.AlbumControllerSpec     : Starting AlbumControllerSpec using Java 15.0.1 on alejandroLaptop with PID 17083 (started by alejandro in /home/alejandro/Documents/Projects/spring/spring-test)
2021-05-10 13:43:32.030  INFO 17083 --- [main] c.a.e.controller.AlbumControllerSpec     : No active profile set, falling back to default profiles: default
2021-05-10 13:43:33.316  INFO 17083 --- [main] o.s.s.concurrent.ThreadPoolTaskExecutor  : Initializing ExecutorService 'applicationTaskExecutor'
2021-05-10 13:43:33.576  INFO 17083 --- [main] o.s.b.t.m.w.SpringBootMockServletContext : Initializing Spring TestDispatcherServlet ''
2021-05-10 13:43:33.577  INFO 17083 --- [main] o.s.t.web.servlet.TestDispatcherServlet  : Initializing Servlet ''
2021-05-10 13:43:33.578  INFO 17083 --- [main] o.s.t.web.servlet.TestDispatcherServlet  : Completed initialization in 1 ms
2021-05-10 13:43:33.611  INFO 17083 --- [main] c.a.e.controller.AlbumControllerSpec     : Started AlbumControllerSpec in 1.898 seconds (JVM running for 2.806)
2021-05-10 13:43:33.935  WARN 17083 --- [main] .w.s.m.s.DefaultHandlerExceptionResolver : Resolved [org.springframework.http.converter.HttpMessageNotReadableException: Required request body is missing: public org.springframework.http.ResponseEntity<com.alejandro.example.dto.AlbumDTO> com.alejandro.example.controller.AlbumController.save(com.alejandro.example.dto.AlbumDTO)]
2021-05-10 13:43:34.019  INFO 17083 --- [SpringContextShutdownHook] o.s.s.concurrent.ThreadPoolTaskExecutor  : Shutting down ExecutorService 'applicationTaskExecutor'
2021-05-10 13:47:21.841  INFO 17190 --- [main] c.a.e.controller.AlbumControllerSpec     : Starting AlbumControllerSpec using Java 15.0.1 on alejandroLaptop with PID 17190 (started by alejandro in /home/alejandro/Documents/Projects/spring/spring-test)
2021-05-10 13:47:21.848  INFO 17190 --- [main] c.a.e.controller.AlbumControllerSpec     : No active profile set, falling back to default profiles: default
2021-05-10 13:47:23.257  INFO 17190 --- [main] o.s.s.concurrent.ThreadPoolTaskExecutor  : Initializing ExecutorService 'applicationTaskExecutor'
2021-05-10 13:47:23.515  INFO 17190 --- [main] o.s.b.t.m.w.SpringBootMockServletContext : Initializing Spring TestDispatcherServlet ''
2021-05-10 13:47:23.515  INFO 17190 --- [main] o.s.t.web.servlet.TestDispatcherServlet  : Initializing Servlet ''
2021-05-10 13:47:23.516  INFO 17190 --- [main] o.s.t.web.servlet.TestDispatcherServlet  : Completed initialization in 1 ms
2021-05-10 13:47:23.545  INFO 17190 --- [main] c.a.e.controller.AlbumControllerSpec     : Started AlbumControllerSpec in 2.1 seconds (JVM running for 3.018)
2021-05-10 13:47:23.873  WARN 17190 --- [main] .w.s.m.s.DefaultHandlerExceptionResolver : Resolved [org.springframework.http.converter.HttpMessageNotReadableException: Required request body is missing: public org.springframework.http.ResponseEntity<com.alejandro.example.dto.AlbumDTO> com.alejandro.example.controller.AlbumController.save(com.alejandro.example.dto.AlbumDTO)]
2021-05-10 13:47:23.976  INFO 17190 --- [SpringContextShutdownHook] o.s.s.concurrent.ThreadPoolTaskExecutor  : Shutting down ExecutorService 'applicationTaskExecutor'
2021-05-10 13:48:47.952  INFO 17300 --- [main] c.a.e.controller.AlbumControllerSpec     : Starting AlbumControllerSpec using Java 15.0.1 on alejandroLaptop with PID 17300 (started by alejandro in /home/alejandro/Documents/Projects/spring/spring-test)
2021-05-10 13:48:47.955  INFO 17300 --- [main] c.a.e.controller.AlbumControllerSpec     : No active profile set, falling back to default profiles: default
2021-05-10 13:48:49.124  INFO 17300 --- [main] o.s.s.concurrent.ThreadPoolTaskExecutor  : Initializing ExecutorService 'applicationTaskExecutor'
2021-05-10 13:48:49.326  INFO 17300 --- [main] o.s.b.t.m.w.SpringBootMockServletContext : Initializing Spring TestDispatcherServlet ''
2021-05-10 13:48:49.326  INFO 17300 --- [main] o.s.t.web.servlet.TestDispatcherServlet  : Initializing Servlet ''
2021-05-10 13:48:49.327  INFO 17300 --- [main] o.s.t.web.servlet.TestDispatcherServlet  : Completed initialization in 1 ms
2021-05-10 13:48:49.356  INFO 17300 --- [main] c.a.e.controller.AlbumControllerSpec     : Started AlbumControllerSpec in 1.733 seconds (JVM running for 2.631)
2021-05-10 13:48:49.621  WARN 17300 --- [main] .w.s.m.s.DefaultHandlerExceptionResolver : Resolved [org.springframework.http.converter.HttpMessageNotReadableException: Required request body is missing: public org.springframework.http.ResponseEntity<com.alejandro.example.dto.AlbumDTO> com.alejandro.example.controller.AlbumController.save(com.alejandro.example.dto.AlbumDTO)]
2021-05-10 13:48:49.713  INFO 17300 --- [SpringContextShutdownHook] o.s.s.concurrent.ThreadPoolTaskExecutor  : Shutting down ExecutorService 'applicationTaskExecutor'
2021-05-10 13:49:48.493  INFO 17426 --- [main] c.a.e.controller.AlbumControllerSpec     : Starting AlbumControllerSpec using Java 15.0.1 on alejandroLaptop with PID 17426 (started by alejandro in /home/alejandro/Documents/Projects/spring/spring-test)
2021-05-10 13:49:48.496  INFO 17426 --- [main] c.a.e.controller.AlbumControllerSpec     : No active profile set, falling back to default profiles: default
2021-05-10 13:49:49.724  INFO 17426 --- [main] o.s.s.concurrent.ThreadPoolTaskExecutor  : Initializing ExecutorService 'applicationTaskExecutor'
2021-05-10 13:49:49.977  INFO 17426 --- [main] o.s.b.t.m.w.SpringBootMockServletContext : Initializing Spring TestDispatcherServlet ''
2021-05-10 13:49:49.978  INFO 17426 --- [main] o.s.t.web.servlet.TestDispatcherServlet  : Initializing Servlet ''
2021-05-10 13:49:49.979  INFO 17426 --- [main] o.s.t.web.servlet.TestDispatcherServlet  : Completed initialization in 1 ms
2021-05-10 13:49:50.008  INFO 17426 --- [main] c.a.e.controller.AlbumControllerSpec     : Started AlbumControllerSpec in 1.911 seconds (JVM running for 3.023)
2021-05-10 13:49:50.350  WARN 17426 --- [main] .w.s.m.s.DefaultHandlerExceptionResolver : Resolved [org.springframework.http.converter.HttpMessageNotReadableException: Required request body is missing: public org.springframework.http.ResponseEntity<com.alejandro.example.dto.AlbumDTO> com.alejandro.example.controller.AlbumController.save(com.alejandro.example.dto.AlbumDTO)]
2021-05-10 13:49:50.443  INFO 17426 --- [SpringContextShutdownHook] o.s.s.concurrent.ThreadPoolTaskExecutor  : Shutting down ExecutorService 'applicationTaskExecutor'
2021-05-10 13:53:54.053  INFO 17564 --- [main] c.a.e.controller.AlbumControllerSpec     : Starting AlbumControllerSpec using Java 15.0.1 on alejandroLaptop with PID 17564 (started by alejandro in /home/alejandro/Documents/Projects/spring/spring-test)
2021-05-10 13:53:54.056  INFO 17564 --- [main] c.a.e.controller.AlbumControllerSpec     : No active profile set, falling back to default profiles: default
2021-05-10 13:53:55.411  INFO 17564 --- [main] o.s.s.concurrent.ThreadPoolTaskExecutor  : Initializing ExecutorService 'applicationTaskExecutor'
2021-05-10 13:53:55.668  INFO 17564 --- [main] o.s.b.t.m.w.SpringBootMockServletContext : Initializing Spring TestDispatcherServlet ''
2021-05-10 13:53:55.668  INFO 17564 --- [main] o.s.t.web.servlet.TestDispatcherServlet  : Initializing Servlet ''
2021-05-10 13:53:55.670  INFO 17564 --- [main] o.s.t.web.servlet.TestDispatcherServlet  : Completed initialization in 1 ms
2021-05-10 13:53:55.702  INFO 17564 --- [main] c.a.e.controller.AlbumControllerSpec     : Started AlbumControllerSpec in 2.003 seconds (JVM running for 3.012)
2021-05-10 13:53:56.011  WARN 17564 --- [main] .w.s.m.s.DefaultHandlerExceptionResolver : Resolved [org.springframework.http.converter.HttpMessageNotReadableException: Required request body is missing: public org.springframework.http.ResponseEntity<com.alejandro.example.dto.AlbumDTO> com.alejandro.example.controller.AlbumController.save(com.alejandro.example.dto.AlbumDTO)]
2021-05-10 13:53:56.094  INFO 17564 --- [SpringContextShutdownHook] o.s.s.concurrent.ThreadPoolTaskExecutor  : Shutting down ExecutorService 'applicationTaskExecutor'
2021-05-10 13:55:07.627  INFO 17656 --- [main] c.a.e.controller.AlbumControllerSpec     : Starting AlbumControllerSpec using Java 15.0.1 on alejandroLaptop with PID 17656 (started by alejandro in /home/alejandro/Documents/Projects/spring/spring-test)
2021-05-10 13:55:07.630  INFO 17656 --- [main] c.a.e.controller.AlbumControllerSpec     : No active profile set, falling back to default profiles: default
2021-05-10 13:55:09.004  INFO 17656 --- [main] o.s.s.concurrent.ThreadPoolTaskExecutor  : Initializing ExecutorService 'applicationTaskExecutor'
2021-05-10 13:55:09.257  INFO 17656 --- [main] o.s.b.t.m.w.SpringBootMockServletContext : Initializing Spring TestDispatcherServlet ''
2021-05-10 13:55:09.257  INFO 17656 --- [main] o.s.t.web.servlet.TestDispatcherServlet  : Initializing Servlet ''
2021-05-10 13:55:09.258  INFO 17656 --- [main] o.s.t.web.servlet.TestDispatcherServlet  : Completed initialization in 1 ms
2021-05-10 13:55:09.297  INFO 17656 --- [main] c.a.e.controller.AlbumControllerSpec     : Started AlbumControllerSpec in 2.027 seconds (JVM running for 2.952)
2021-05-10 13:55:09.707  WARN 17656 --- [main] .w.s.m.s.DefaultHandlerExceptionResolver : Resolved [org.springframework.http.converter.HttpMessageNotReadableException: Required request body is missing: public org.springframework.http.ResponseEntity<com.alejandro.example.dto.AlbumDTO> com.alejandro.example.controller.AlbumController.save(com.alejandro.example.dto.AlbumDTO)]
2021-05-10 13:55:09.837  INFO 17656 --- [SpringContextShutdownHook] o.s.s.concurrent.ThreadPoolTaskExecutor  : Shutting down ExecutorService 'applicationTaskExecutor'
2021-05-10 13:55:36.753  INFO 17709 --- [main] c.a.e.controller.AlbumControllerSpec     : Starting AlbumControllerSpec using Java 15.0.1 on alejandroLaptop with PID 17709 (started by alejandro in /home/alejandro/Documents/Projects/spring/spring-test)
2021-05-10 13:55:36.756  INFO 17709 --- [main] c.a.e.controller.AlbumControllerSpec     : No active profile set, falling back to default profiles: default
2021-05-10 13:55:38.055  INFO 17709 --- [main] o.s.s.concurrent.ThreadPoolTaskExecutor  : Initializing ExecutorService 'applicationTaskExecutor'
2021-05-10 13:55:38.317  INFO 17709 --- [main] o.s.b.t.m.w.SpringBootMockServletContext : Initializing Spring TestDispatcherServlet ''
2021-05-10 13:55:38.318  INFO 17709 --- [main] o.s.t.web.servlet.TestDispatcherServlet  : Initializing Servlet ''
2021-05-10 13:55:38.319  INFO 17709 --- [main] o.s.t.web.servlet.TestDispatcherServlet  : Completed initialization in 1 ms
2021-05-10 13:55:38.351  INFO 17709 --- [main] c.a.e.controller.AlbumControllerSpec     : Started AlbumControllerSpec in 1.956 seconds (JVM running for 2.907)
2021-05-10 13:55:38.675  WARN 17709 --- [main] .w.s.m.s.DefaultHandlerExceptionResolver : Resolved [org.springframework.http.converter.HttpMessageNotReadableException: Required request body is missing: public org.springframework.http.ResponseEntity<com.alejandro.example.dto.AlbumDTO> com.alejandro.example.controller.AlbumController.save(com.alejandro.example.dto.AlbumDTO)]
2021-05-10 13:55:38.761  INFO 17709 --- [SpringContextShutdownHook] o.s.s.concurrent.ThreadPoolTaskExecutor  : Shutting down ExecutorService 'applicationTaskExecutor'
2021-05-10 13:55:58.685  INFO 17763 --- [main] c.a.e.controller.AlbumControllerSpec     : Starting AlbumControllerSpec using Java 15.0.1 on alejandroLaptop with PID 17763 (started by alejandro in /home/alejandro/Documents/Projects/spring/spring-test)
2021-05-10 13:55:58.688  INFO 17763 --- [main] c.a.e.controller.AlbumControllerSpec     : No active profile set, falling back to default profiles: default
2021-05-10 13:56:00.041  INFO 17763 --- [main] o.s.s.concurrent.ThreadPoolTaskExecutor  : Initializing ExecutorService 'applicationTaskExecutor'
2021-05-10 13:56:00.280  INFO 17763 --- [main] o.s.b.t.m.w.SpringBootMockServletContext : Initializing Spring TestDispatcherServlet ''
2021-05-10 13:56:00.281  INFO 17763 --- [main] o.s.t.web.servlet.TestDispatcherServlet  : Initializing Servlet ''
2021-05-10 13:56:00.282  INFO 17763 --- [main] o.s.t.web.servlet.TestDispatcherServlet  : Completed initialization in 1 ms
2021-05-10 13:56:00.309  INFO 17763 --- [main] c.a.e.controller.AlbumControllerSpec     : Started AlbumControllerSpec in 1.988 seconds (JVM running for 2.945)
2021-05-10 13:56:00.617  WARN 17763 --- [main] .w.s.m.s.DefaultHandlerExceptionResolver : Resolved [org.springframework.http.converter.HttpMessageNotReadableException: Required request body is missing: public org.springframework.http.ResponseEntity<com.alejandro.example.dto.AlbumDTO> com.alejandro.example.controller.AlbumController.save(com.alejandro.example.dto.AlbumDTO)]
2021-05-10 13:56:00.678  INFO 17763 --- [SpringContextShutdownHook] o.s.s.concurrent.ThreadPoolTaskExecutor  : Shutting down ExecutorService 'applicationTaskExecutor'
2021-05-10 13:56:19.545  INFO 17817 --- [main] c.a.e.controller.AlbumControllerSpec     : Starting AlbumControllerSpec using Java 15.0.1 on alejandroLaptop with PID 17817 (started by alejandro in /home/alejandro/Documents/Projects/spring/spring-test)
2021-05-10 13:56:19.549  INFO 17817 --- [main] c.a.e.controller.AlbumControllerSpec     : No active profile set, falling back to default profiles: default
2021-05-10 13:56:20.674  INFO 17817 --- [main] o.s.s.concurrent.ThreadPoolTaskExecutor  : Initializing ExecutorService 'applicationTaskExecutor'
2021-05-10 13:56:20.871  INFO 17817 --- [main] o.s.b.t.m.w.SpringBootMockServletContext : Initializing Spring TestDispatcherServlet ''
2021-05-10 13:56:20.871  INFO 17817 --- [main] o.s.t.web.servlet.TestDispatcherServlet  : Initializing Servlet ''
2021-05-10 13:56:20.873  INFO 17817 --- [main] o.s.t.web.servlet.TestDispatcherServlet  : Completed initialization in 1 ms
2021-05-10 13:56:20.898  INFO 17817 --- [main] c.a.e.controller.AlbumControllerSpec     : Started AlbumControllerSpec in 1.679 seconds (JVM running for 2.624)
2021-05-10 13:56:21.198  WARN 17817 --- [main] .w.s.m.s.DefaultHandlerExceptionResolver : Resolved [org.springframework.http.converter.HttpMessageNotReadableException: Required request body is missing: public org.springframework.http.ResponseEntity<com.alejandro.example.dto.AlbumDTO> com.alejandro.example.controller.AlbumController.save(com.alejandro.example.dto.AlbumDTO)]
2021-05-10 13:56:21.280  INFO 17817 --- [SpringContextShutdownHook] o.s.s.concurrent.ThreadPoolTaskExecutor  : Shutting down ExecutorService 'applicationTaskExecutor'
2021-05-10 13:58:07.865  INFO 17918 --- [main] c.a.e.controller.AlbumControllerSpec     : Starting AlbumControllerSpec using Java 15.0.1 on alejandroLaptop with PID 17918 (started by alejandro in /home/alejandro/Documents/Projects/spring/spring-test)
2021-05-10 13:58:07.869  INFO 17918 --- [main] c.a.e.controller.AlbumControllerSpec     : No active profile set, falling back to default profiles: default
2021-05-10 13:58:09.036  INFO 17918 --- [main] o.s.s.concurrent.ThreadPoolTaskExecutor  : Initializing ExecutorService 'applicationTaskExecutor'
2021-05-10 13:58:09.240  INFO 17918 --- [main] o.s.b.t.m.w.SpringBootMockServletContext : Initializing Spring TestDispatcherServlet ''
2021-05-10 13:58:09.241  INFO 17918 --- [main] o.s.t.web.servlet.TestDispatcherServlet  : Initializing Servlet ''
2021-05-10 13:58:09.242  INFO 17918 --- [main] o.s.t.web.servlet.TestDispatcherServlet  : Completed initialization in 1 ms
2021-05-10 13:58:09.264  INFO 17918 --- [main] c.a.e.controller.AlbumControllerSpec     : Started AlbumControllerSpec in 1.713 seconds (JVM running for 2.592)
2021-05-10 13:58:09.567  WARN 17918 --- [main] .w.s.m.s.DefaultHandlerExceptionResolver : Resolved [org.springframework.http.converter.HttpMessageNotReadableException: Required request body is missing: public org.springframework.http.ResponseEntity<com.alejandro.example.dto.AlbumDTO> com.alejandro.example.controller.AlbumController.save(com.alejandro.example.dto.AlbumDTO)]
2021-05-10 13:58:09.637  INFO 17918 --- [SpringContextShutdownHook] o.s.s.concurrent.ThreadPoolTaskExecutor  : Shutting down ExecutorService 'applicationTaskExecutor'
2021-05-10 14:00:43.741  INFO 18096 --- [main] c.a.e.controller.AlbumControllerSpec     : Starting AlbumControllerSpec using Java 15.0.1 on alejandroLaptop with PID 18096 (started by alejandro in /home/alejandro/Documents/Projects/spring/spring-test)
2021-05-10 14:00:43.744  INFO 18096 --- [main] c.a.e.controller.AlbumControllerSpec     : No active profile set, falling back to default profiles: default
2021-05-10 14:00:45.084  INFO 18096 --- [main] o.s.s.concurrent.ThreadPoolTaskExecutor  : Initializing ExecutorService 'applicationTaskExecutor'
2021-05-10 14:00:45.352  INFO 18096 --- [main] o.s.b.t.m.w.SpringBootMockServletContext : Initializing Spring TestDispatcherServlet ''
2021-05-10 14:00:45.352  INFO 18096 --- [main] o.s.t.web.servlet.TestDispatcherServlet  : Initializing Servlet ''
2021-05-10 14:00:45.353  INFO 18096 --- [main] o.s.t.web.servlet.TestDispatcherServlet  : Completed initialization in 1 ms
2021-05-10 14:00:45.385  INFO 18096 --- [main] c.a.e.controller.AlbumControllerSpec     : Started AlbumControllerSpec in 1.958 seconds (JVM running for 2.878)
2021-05-10 14:00:45.728  WARN 18096 --- [main] .w.s.m.s.DefaultHandlerExceptionResolver : Resolved [org.springframework.http.converter.HttpMessageNotReadableException: Required request body is missing: public org.springframework.http.ResponseEntity<com.alejandro.example.dto.AlbumDTO> com.alejandro.example.controller.AlbumController.save(com.alejandro.example.dto.AlbumDTO)]
2021-05-10 14:00:45.829  INFO 18096 --- [SpringContextShutdownHook] o.s.s.concurrent.ThreadPoolTaskExecutor  : Shutting down ExecutorService 'applicationTaskExecutor'
2021-05-10 14:01:24.457  INFO 18169 --- [main] c.a.e.controller.AlbumControllerSpec     : Starting AlbumControllerSpec using Java 15.0.1 on alejandroLaptop with PID 18169 (started by alejandro in /home/alejandro/Documents/Projects/spring/spring-test)
2021-05-10 14:01:24.461  INFO 18169 --- [main] c.a.e.controller.AlbumControllerSpec     : No active profile set, falling back to default profiles: default
2021-05-10 14:01:25.809  INFO 18169 --- [main] o.s.s.concurrent.ThreadPoolTaskExecutor  : Initializing ExecutorService 'applicationTaskExecutor'
2021-05-10 14:01:26.024  INFO 18169 --- [main] o.s.b.t.m.w.SpringBootMockServletContext : Initializing Spring TestDispatcherServlet ''
2021-05-10 14:01:26.024  INFO 18169 --- [main] o.s.t.web.servlet.TestDispatcherServlet  : Initializing Servlet ''
2021-05-10 14:01:26.025  INFO 18169 --- [main] o.s.t.web.servlet.TestDispatcherServlet  : Completed initialization in 1 ms
2021-05-10 14:01:26.052  INFO 18169 --- [main] c.a.e.controller.AlbumControllerSpec     : Started AlbumControllerSpec in 1.969 seconds (JVM running for 2.811)
2021-05-10 14:01:26.360  WARN 18169 --- [main] .w.s.m.s.DefaultHandlerExceptionResolver : Resolved [org.springframework.http.converter.HttpMessageNotReadableException: Required request body is missing: public org.springframework.http.ResponseEntity<com.alejandro.example.dto.AlbumDTO> com.alejandro.example.controller.AlbumController.save(com.alejandro.example.dto.AlbumDTO)]
2021-05-10 14:01:26.472  INFO 18169 --- [SpringContextShutdownHook] o.s.s.concurrent.ThreadPoolTaskExecutor  : Shutting down ExecutorService 'applicationTaskExecutor'
2021-05-10 14:01:42.486  INFO 18216 --- [main] c.a.e.controller.AlbumControllerSpec     : Starting AlbumControllerSpec using Java 15.0.1 on alejandroLaptop with PID 18216 (started by alejandro in /home/alejandro/Documents/Projects/spring/spring-test)
2021-05-10 14:01:42.490  INFO 18216 --- [main] c.a.e.controller.AlbumControllerSpec     : No active profile set, falling back to default profiles: default
2021-05-10 14:01:43.772  INFO 18216 --- [main] o.s.s.concurrent.ThreadPoolTaskExecutor  : Initializing ExecutorService 'applicationTaskExecutor'
2021-05-10 14:01:43.998  INFO 18216 --- [main] o.s.b.t.m.w.SpringBootMockServletContext : Initializing Spring TestDispatcherServlet ''
2021-05-10 14:01:43.998  INFO 18216 --- [main] o.s.t.web.servlet.TestDispatcherServlet  : Initializing Servlet ''
2021-05-10 14:01:44.000  INFO 18216 --- [main] o.s.t.web.servlet.TestDispatcherServlet  : Completed initialization in 2 ms
2021-05-10 14:01:44.032  INFO 18216 --- [main] c.a.e.controller.AlbumControllerSpec     : Started AlbumControllerSpec in 2.004 seconds (JVM running for 2.882)
2021-05-10 14:01:44.357  WARN 18216 --- [main] .w.s.m.s.DefaultHandlerExceptionResolver : Resolved [org.springframework.http.converter.HttpMessageNotReadableException: Required request body is missing: public org.springframework.http.ResponseEntity<com.alejandro.example.dto.AlbumDTO> com.alejandro.example.controller.AlbumController.save(com.alejandro.example.dto.AlbumDTO)]
2021-05-10 14:01:44.436  INFO 18216 --- [SpringContextShutdownHook] o.s.s.concurrent.ThreadPoolTaskExecutor  : Shutting down ExecutorService 'applicationTaskExecutor'
2021-05-10 14:02:04.393  INFO 18267 --- [main] c.a.e.controller.AlbumControllerSpec     : Starting AlbumControllerSpec using Java 15.0.1 on alejandroLaptop with PID 18267 (started by alejandro in /home/alejandro/Documents/Projects/spring/spring-test)
2021-05-10 14:02:04.397  INFO 18267 --- [main] c.a.e.controller.AlbumControllerSpec     : No active profile set, falling back to default profiles: default
2021-05-10 14:02:05.602  INFO 18267 --- [main] o.s.s.concurrent.ThreadPoolTaskExecutor  : Initializing ExecutorService 'applicationTaskExecutor'
2021-05-10 14:02:05.832  INFO 18267 --- [main] o.s.b.t.m.w.SpringBootMockServletContext : Initializing Spring TestDispatcherServlet ''
2021-05-10 14:02:05.832  INFO 18267 --- [main] o.s.t.web.servlet.TestDispatcherServlet  : Initializing Servlet ''
2021-05-10 14:02:05.833  INFO 18267 --- [main] o.s.t.web.servlet.TestDispatcherServlet  : Completed initialization in 1 ms
2021-05-10 14:02:05.856  INFO 18267 --- [main] c.a.e.controller.AlbumControllerSpec     : Started AlbumControllerSpec in 1.837 seconds (JVM running for 2.951)
2021-05-10 14:02:06.185  WARN 18267 --- [main] .w.s.m.s.DefaultHandlerExceptionResolver : Resolved [org.springframework.http.converter.HttpMessageNotReadableException: Required request body is missing: public org.springframework.http.ResponseEntity<com.alejandro.example.dto.AlbumDTO> com.alejandro.example.controller.AlbumController.save(com.alejandro.example.dto.AlbumDTO)]
2021-05-10 14:02:06.278  INFO 18267 --- [SpringContextShutdownHook] o.s.s.concurrent.ThreadPoolTaskExecutor  : Shutting down ExecutorService 'applicationTaskExecutor'
2021-05-10 14:02:32.524  INFO 18332 --- [main] c.a.e.controller.AlbumControllerSpec     : Starting AlbumControllerSpec using Java 15.0.1 on alejandroLaptop with PID 18332 (started by alejandro in /home/alejandro/Documents/Projects/spring/spring-test)
2021-05-10 14:02:32.528  INFO 18332 --- [main] c.a.e.controller.AlbumControllerSpec     : No active profile set, falling back to default profiles: default
2021-05-10 14:02:33.795  INFO 18332 --- [main] o.s.s.concurrent.ThreadPoolTaskExecutor  : Initializing ExecutorService 'applicationTaskExecutor'
2021-05-10 14:02:34.012  INFO 18332 --- [main] o.s.b.t.m.w.SpringBootMockServletContext : Initializing Spring TestDispatcherServlet ''
2021-05-10 14:02:34.012  INFO 18332 --- [main] o.s.t.web.servlet.TestDispatcherServlet  : Initializing Servlet ''
2021-05-10 14:02:34.013  INFO 18332 --- [main] o.s.t.web.servlet.TestDispatcherServlet  : Completed initialization in 1 ms
2021-05-10 14:02:34.040  INFO 18332 --- [main] c.a.e.controller.AlbumControllerSpec     : Started AlbumControllerSpec in 1.856 seconds (JVM running for 2.753)
2021-05-10 14:02:34.334  WARN 18332 --- [main] .w.s.m.s.DefaultHandlerExceptionResolver : Resolved [org.springframework.http.converter.HttpMessageNotReadableException: Required request body is missing: public org.springframework.http.ResponseEntity<com.alejandro.example.dto.AlbumDTO> com.alejandro.example.controller.AlbumController.save(com.alejandro.example.dto.AlbumDTO)]
2021-05-10 14:02:34.420  INFO 18332 --- [SpringContextShutdownHook] o.s.s.concurrent.ThreadPoolTaskExecutor  : Shutting down ExecutorService 'applicationTaskExecutor'
2021-05-10 14:04:22.323  INFO 18476 --- [main] c.a.e.controller.AlbumControllerSpec     : Starting AlbumControllerSpec using Java 15.0.1 on alejandroLaptop with PID 18476 (started by alejandro in /home/alejandro/Documents/Projects/spring/spring-test)
2021-05-10 14:04:22.327  INFO 18476 --- [main] c.a.e.controller.AlbumControllerSpec     : No active profile set, falling back to default profiles: default
2021-05-10 14:04:23.699  INFO 18476 --- [main] o.s.s.concurrent.ThreadPoolTaskExecutor  : Initializing ExecutorService 'applicationTaskExecutor'
2021-05-10 14:04:23.900  INFO 18476 --- [main] o.s.b.t.m.w.SpringBootMockServletContext : Initializing Spring TestDispatcherServlet ''
2021-05-10 14:04:23.901  INFO 18476 --- [main] o.s.t.web.servlet.TestDispatcherServlet  : Initializing Servlet ''
2021-05-10 14:04:23.902  INFO 18476 --- [main] o.s.t.web.servlet.TestDispatcherServlet  : Completed initialization in 1 ms
2021-05-10 14:04:23.927  INFO 18476 --- [main] c.a.e.controller.AlbumControllerSpec     : Started AlbumControllerSpec in 2.019 seconds (JVM running for 2.95)
2021-05-10 14:04:24.248  WARN 18476 --- [main] .w.s.m.s.DefaultHandlerExceptionResolver : Resolved [org.springframework.http.converter.HttpMessageNotReadableException: Required request body is missing: public org.springframework.http.ResponseEntity<com.alejandro.example.dto.AlbumDTO> com.alejandro.example.controller.AlbumController.save(com.alejandro.example.dto.AlbumDTO)]
2021-05-10 14:04:24.342  INFO 18476 --- [SpringContextShutdownHook] o.s.s.concurrent.ThreadPoolTaskExecutor  : Shutting down ExecutorService 'applicationTaskExecutor'
